<?xml version="1.0" encoding="UTF-8"?>
<testsuite xmlns:xsi="http://www.w3.org/2001/XMLSchema-instance" xsi:noNamespaceSchemaLocation="https://maven.apache.org/surefire/maven-surefire-plugin/xsd/surefire-test-report-3.0.xsd" version="3.0" name="controller.HuoneControllerTest" time="5.915" tests="4" errors="1" skipped="0" failures="1">
  <properties>
    <property name="java.specification.version" value="21"/>
    <property name="sun.cpu.isalist" value="amd64"/>
    <property name="sun.jnu.encoding" value="Cp1252"/>
    <property name="java.class.path" value="C:\Users\kakek\IdeaProjects\OhtuProjekti2\target\test-classes;C:\Users\kakek\IdeaProjects\OhtuProjekti2\target\classes;C:\Users\kakek\.m2\repository\org\openjfx\javafx-controls\21.0.4\javafx-controls-21.0.4.jar;C:\Users\kakek\.m2\repository\org\openjfx\javafx-controls\21.0.4\javafx-controls-21.0.4-win.jar;C:\Users\kakek\.m2\repository\org\openjfx\javafx-fxml\21.0.4\javafx-fxml-21.0.4.jar;C:\Users\kakek\.m2\repository\org\openjfx\javafx-fxml\21.0.4\javafx-fxml-21.0.4-win.jar;C:\Users\kakek\.m2\repository\org\openjfx\javafx-graphics\21.0.4\javafx-graphics-21.0.4.jar;C:\Users\kakek\.m2\repository\org\openjfx\javafx-graphics\21.0.4\javafx-graphics-21.0.4-win.jar;C:\Users\kakek\.m2\repository\org\openjfx\javafx-base\21.0.4\javafx-base-21.0.4.jar;C:\Users\kakek\.m2\repository\org\openjfx\javafx-base\21.0.4\javafx-base-21.0.4-win.jar;C:\Users\kakek\.m2\repository\org\openjfx\javafx-swing\21.0.4\javafx-swing-21.0.4.jar;C:\Users\kakek\.m2\repository\org\openjfx\javafx-swing\21.0.4\javafx-swing-21.0.4-win.jar;C:\Users\kakek\.m2\repository\org\mindrot\jbcrypt\0.4\jbcrypt-0.4.jar;C:\Users\kakek\.m2\repository\org\mariadb\jdbc\mariadb-java-client\3.1.2\mariadb-java-client-3.1.2.jar;C:\Users\kakek\.m2\repository\com\github\waffle\waffle-jna\3.2.0\waffle-jna-3.2.0.jar;C:\Users\kakek\.m2\repository\net\java\dev\jna\jna\5.12.1\jna-5.12.1.jar;C:\Users\kakek\.m2\repository\net\java\dev\jna\jna-platform\5.12.1\jna-platform-5.12.1.jar;C:\Users\kakek\.m2\repository\org\slf4j\jcl-over-slf4j\1.7.36\jcl-over-slf4j-1.7.36.jar;C:\Users\kakek\.m2\repository\com\github\ben-manes\caffeine\caffeine\2.9.3\caffeine-2.9.3.jar;C:\Users\kakek\.m2\repository\com\google\errorprone\error_prone_annotations\2.10.0\error_prone_annotations-2.10.0.jar;C:\Users\kakek\.m2\repository\org\checkerframework\checker-qual\3.23.0\checker-qual-3.23.0.jar;C:\Users\kakek\.m2\repository\jakarta\persistence\jakarta.persistence-api\3.0.0\jakarta.persistence-api-3.0.0.jar;C:\Users\kakek\.m2\repository\org\hibernate\orm\hibernate-core\6.0.0.Final\hibernate-core-6.0.0.Final.jar;C:\Users\kakek\.m2\repository\jakarta\transaction\jakarta.transaction-api\2.0.0\jakarta.transaction-api-2.0.0.jar;C:\Users\kakek\.m2\repository\org\jboss\logging\jboss-logging\3.4.3.Final\jboss-logging-3.4.3.Final.jar;C:\Users\kakek\.m2\repository\org\jboss\jandex\2.4.2.Final\jandex-2.4.2.Final.jar;C:\Users\kakek\.m2\repository\com\fasterxml\classmate\1.5.1\classmate-1.5.1.jar;C:\Users\kakek\.m2\repository\org\hibernate\common\hibernate-commons-annotations\6.0.0.CR1\hibernate-commons-annotations-6.0.0.CR1.jar;C:\Users\kakek\.m2\repository\net\bytebuddy\byte-buddy\1.12.8\byte-buddy-1.12.8.jar;C:\Users\kakek\.m2\repository\jakarta\activation\jakarta.activation-api\2.0.1\jakarta.activation-api-2.0.1.jar;C:\Users\kakek\.m2\repository\jakarta\xml\bind\jakarta.xml.bind-api\3.0.1\jakarta.xml.bind-api-3.0.1.jar;C:\Users\kakek\.m2\repository\com\sun\activation\jakarta.activation\2.0.1\jakarta.activation-2.0.1.jar;C:\Users\kakek\.m2\repository\org\glassfish\jaxb\jaxb-runtime\3.0.2\jaxb-runtime-3.0.2.jar;C:\Users\kakek\.m2\repository\org\glassfish\jaxb\jaxb-core\3.0.2\jaxb-core-3.0.2.jar;C:\Users\kakek\.m2\repository\org\glassfish\jaxb\txw2\3.0.2\txw2-3.0.2.jar;C:\Users\kakek\.m2\repository\com\sun\istack\istack-commons-runtime\4.0.1\istack-commons-runtime-4.0.1.jar;C:\Users\kakek\.m2\repository\jakarta\inject\jakarta.inject-api\2.0.0\jakarta.inject-api-2.0.0.jar;C:\Users\kakek\.m2\repository\org\antlr\antlr4-runtime\4.9.1\antlr4-runtime-4.9.1.jar;C:\Users\kakek\.m2\repository\ch\qos\logback\logback-classic\1.4.6\logback-classic-1.4.6.jar;C:\Users\kakek\.m2\repository\ch\qos\logback\logback-core\1.4.6\logback-core-1.4.6.jar;C:\Users\kakek\.m2\repository\org\slf4j\slf4j-api\2.0.4\slf4j-api-2.0.4.jar;C:\Users\kakek\.m2\repository\org\json\json\20230618\json-20230618.jar;C:\Users\kakek\.m2\repository\org\testfx\testfx-core\4.0.16-alpha\testfx-core-4.0.16-alpha.jar;C:\Users\kakek\.m2\repository\org\hamcrest\hamcrest-core\1.3\hamcrest-core-1.3.jar;C:\Users\kakek\.m2\repository\org\assertj\assertj-core\3.13.2\assertj-core-3.13.2.jar;C:\Users\kakek\.m2\repository\org\testfx\testfx-junit5\4.0.16-alpha\testfx-junit5-4.0.16-alpha.jar;C:\Users\kakek\.m2\repository\junit\junit\4.13.2\junit-4.13.2.jar;C:\Users\kakek\.m2\repository\org\junit\jupiter\junit-jupiter\5.8.1\junit-jupiter-5.8.1.jar;C:\Users\kakek\.m2\repository\org\junit\jupiter\junit-jupiter-api\5.8.1\junit-jupiter-api-5.8.1.jar;C:\Users\kakek\.m2\repository\org\opentest4j\opentest4j\1.2.0\opentest4j-1.2.0.jar;C:\Users\kakek\.m2\repository\org\junit\platform\junit-platform-commons\1.8.1\junit-platform-commons-1.8.1.jar;C:\Users\kakek\.m2\repository\org\apiguardian\apiguardian-api\1.1.2\apiguardian-api-1.1.2.jar;C:\Users\kakek\.m2\repository\org\junit\jupiter\junit-jupiter-params\5.8.1\junit-jupiter-params-5.8.1.jar;C:\Users\kakek\.m2\repository\org\junit\jupiter\junit-jupiter-engine\5.8.1\junit-jupiter-engine-5.8.1.jar;C:\Users\kakek\.m2\repository\org\junit\platform\junit-platform-engine\1.8.1\junit-platform-engine-1.8.1.jar;C:\Users\kakek\.m2\repository\org\mockito\mockito-core\4.0.0\mockito-core-4.0.0.jar;C:\Users\kakek\.m2\repository\net\bytebuddy\byte-buddy-agent\1.11.19\byte-buddy-agent-1.11.19.jar;C:\Users\kakek\.m2\repository\org\objenesis\objenesis\3.2\objenesis-3.2.jar;C:\Users\kakek\.m2\repository\org\testng\testng\7.1.0\testng-7.1.0.jar;C:\Users\kakek\.m2\repository\com\beust\jcommander\1.72\jcommander-1.72.jar;C:\Users\kakek\.m2\repository\com\google\inject\guice\4.1.0\guice-4.1.0-no_aop.jar;C:\Users\kakek\.m2\repository\javax\inject\javax.inject\1\javax.inject-1.jar;C:\Users\kakek\.m2\repository\aopalliance\aopalliance\1.0\aopalliance-1.0.jar;C:\Users\kakek\.m2\repository\com\google\guava\guava\19.0\guava-19.0.jar;C:\Users\kakek\.m2\repository\org\yaml\snakeyaml\1.21\snakeyaml-1.21.jar;"/>
    <property name="java.vm.vendor" value="Eclipse Adoptium"/>
    <property name="sun.arch.data.model" value="64"/>
    <property name="user.variant" value=""/>
    <property name="java.vendor.url" value="https://adoptium.net/"/>
    <property name="user.timezone" value="Europe/Helsinki"/>
    <property name="os.name" value="Windows 11"/>
    <property name="java.vm.specification.version" value="21"/>
    <property name="sun.java.launcher" value="SUN_STANDARD"/>
    <property name="user.country" value="GB"/>
    <property name="sun.boot.library.path" value="C:\tools\jdk\jdk-21.0.4.7-hotspot\bin"/>
    <property name="sun.java.command" value="C:\Users\kakek\AppData\Local\Temp\surefire12815083699068518817\surefirebooter5023497021699146316.jar C:\Users\kakek\AppData\Local\Temp\surefire12815083699068518817 2024-10-08T11-27-54_716-jvmRun1 surefire3638101903535811861tmp surefire_012047314415373827800tmp"/>
    <property name="jdk.debug" value="release"/>
    <property name="surefire.test.class.path" value="C:\Users\kakek\IdeaProjects\OhtuProjekti2\target\test-classes;C:\Users\kakek\IdeaProjects\OhtuProjekti2\target\classes;C:\Users\kakek\.m2\repository\org\openjfx\javafx-controls\21.0.4\javafx-controls-21.0.4.jar;C:\Users\kakek\.m2\repository\org\openjfx\javafx-controls\21.0.4\javafx-controls-21.0.4-win.jar;C:\Users\kakek\.m2\repository\org\openjfx\javafx-fxml\21.0.4\javafx-fxml-21.0.4.jar;C:\Users\kakek\.m2\repository\org\openjfx\javafx-fxml\21.0.4\javafx-fxml-21.0.4-win.jar;C:\Users\kakek\.m2\repository\org\openjfx\javafx-graphics\21.0.4\javafx-graphics-21.0.4.jar;C:\Users\kakek\.m2\repository\org\openjfx\javafx-graphics\21.0.4\javafx-graphics-21.0.4-win.jar;C:\Users\kakek\.m2\repository\org\openjfx\javafx-base\21.0.4\javafx-base-21.0.4.jar;C:\Users\kakek\.m2\repository\org\openjfx\javafx-base\21.0.4\javafx-base-21.0.4-win.jar;C:\Users\kakek\.m2\repository\org\openjfx\javafx-swing\21.0.4\javafx-swing-21.0.4.jar;C:\Users\kakek\.m2\repository\org\openjfx\javafx-swing\21.0.4\javafx-swing-21.0.4-win.jar;C:\Users\kakek\.m2\repository\org\mindrot\jbcrypt\0.4\jbcrypt-0.4.jar;C:\Users\kakek\.m2\repository\org\mariadb\jdbc\mariadb-java-client\3.1.2\mariadb-java-client-3.1.2.jar;C:\Users\kakek\.m2\repository\com\github\waffle\waffle-jna\3.2.0\waffle-jna-3.2.0.jar;C:\Users\kakek\.m2\repository\net\java\dev\jna\jna\5.12.1\jna-5.12.1.jar;C:\Users\kakek\.m2\repository\net\java\dev\jna\jna-platform\5.12.1\jna-platform-5.12.1.jar;C:\Users\kakek\.m2\repository\org\slf4j\jcl-over-slf4j\1.7.36\jcl-over-slf4j-1.7.36.jar;C:\Users\kakek\.m2\repository\com\github\ben-manes\caffeine\caffeine\2.9.3\caffeine-2.9.3.jar;C:\Users\kakek\.m2\repository\com\google\errorprone\error_prone_annotations\2.10.0\error_prone_annotations-2.10.0.jar;C:\Users\kakek\.m2\repository\org\checkerframework\checker-qual\3.23.0\checker-qual-3.23.0.jar;C:\Users\kakek\.m2\repository\jakarta\persistence\jakarta.persistence-api\3.0.0\jakarta.persistence-api-3.0.0.jar;C:\Users\kakek\.m2\repository\org\hibernate\orm\hibernate-core\6.0.0.Final\hibernate-core-6.0.0.Final.jar;C:\Users\kakek\.m2\repository\jakarta\transaction\jakarta.transaction-api\2.0.0\jakarta.transaction-api-2.0.0.jar;C:\Users\kakek\.m2\repository\org\jboss\logging\jboss-logging\3.4.3.Final\jboss-logging-3.4.3.Final.jar;C:\Users\kakek\.m2\repository\org\jboss\jandex\2.4.2.Final\jandex-2.4.2.Final.jar;C:\Users\kakek\.m2\repository\com\fasterxml\classmate\1.5.1\classmate-1.5.1.jar;C:\Users\kakek\.m2\repository\org\hibernate\common\hibernate-commons-annotations\6.0.0.CR1\hibernate-commons-annotations-6.0.0.CR1.jar;C:\Users\kakek\.m2\repository\net\bytebuddy\byte-buddy\1.12.8\byte-buddy-1.12.8.jar;C:\Users\kakek\.m2\repository\jakarta\activation\jakarta.activation-api\2.0.1\jakarta.activation-api-2.0.1.jar;C:\Users\kakek\.m2\repository\jakarta\xml\bind\jakarta.xml.bind-api\3.0.1\jakarta.xml.bind-api-3.0.1.jar;C:\Users\kakek\.m2\repository\com\sun\activation\jakarta.activation\2.0.1\jakarta.activation-2.0.1.jar;C:\Users\kakek\.m2\repository\org\glassfish\jaxb\jaxb-runtime\3.0.2\jaxb-runtime-3.0.2.jar;C:\Users\kakek\.m2\repository\org\glassfish\jaxb\jaxb-core\3.0.2\jaxb-core-3.0.2.jar;C:\Users\kakek\.m2\repository\org\glassfish\jaxb\txw2\3.0.2\txw2-3.0.2.jar;C:\Users\kakek\.m2\repository\com\sun\istack\istack-commons-runtime\4.0.1\istack-commons-runtime-4.0.1.jar;C:\Users\kakek\.m2\repository\jakarta\inject\jakarta.inject-api\2.0.0\jakarta.inject-api-2.0.0.jar;C:\Users\kakek\.m2\repository\org\antlr\antlr4-runtime\4.9.1\antlr4-runtime-4.9.1.jar;C:\Users\kakek\.m2\repository\ch\qos\logback\logback-classic\1.4.6\logback-classic-1.4.6.jar;C:\Users\kakek\.m2\repository\ch\qos\logback\logback-core\1.4.6\logback-core-1.4.6.jar;C:\Users\kakek\.m2\repository\org\slf4j\slf4j-api\2.0.4\slf4j-api-2.0.4.jar;C:\Users\kakek\.m2\repository\org\json\json\20230618\json-20230618.jar;C:\Users\kakek\.m2\repository\org\testfx\testfx-core\4.0.16-alpha\testfx-core-4.0.16-alpha.jar;C:\Users\kakek\.m2\repository\org\hamcrest\hamcrest-core\1.3\hamcrest-core-1.3.jar;C:\Users\kakek\.m2\repository\org\assertj\assertj-core\3.13.2\assertj-core-3.13.2.jar;C:\Users\kakek\.m2\repository\org\testfx\testfx-junit5\4.0.16-alpha\testfx-junit5-4.0.16-alpha.jar;C:\Users\kakek\.m2\repository\junit\junit\4.13.2\junit-4.13.2.jar;C:\Users\kakek\.m2\repository\org\junit\jupiter\junit-jupiter\5.8.1\junit-jupiter-5.8.1.jar;C:\Users\kakek\.m2\repository\org\junit\jupiter\junit-jupiter-api\5.8.1\junit-jupiter-api-5.8.1.jar;C:\Users\kakek\.m2\repository\org\opentest4j\opentest4j\1.2.0\opentest4j-1.2.0.jar;C:\Users\kakek\.m2\repository\org\junit\platform\junit-platform-commons\1.8.1\junit-platform-commons-1.8.1.jar;C:\Users\kakek\.m2\repository\org\apiguardian\apiguardian-api\1.1.2\apiguardian-api-1.1.2.jar;C:\Users\kakek\.m2\repository\org\junit\jupiter\junit-jupiter-params\5.8.1\junit-jupiter-params-5.8.1.jar;C:\Users\kakek\.m2\repository\org\junit\jupiter\junit-jupiter-engine\5.8.1\junit-jupiter-engine-5.8.1.jar;C:\Users\kakek\.m2\repository\org\junit\platform\junit-platform-engine\1.8.1\junit-platform-engine-1.8.1.jar;C:\Users\kakek\.m2\repository\org\mockito\mockito-core\4.0.0\mockito-core-4.0.0.jar;C:\Users\kakek\.m2\repository\net\bytebuddy\byte-buddy-agent\1.11.19\byte-buddy-agent-1.11.19.jar;C:\Users\kakek\.m2\repository\org\objenesis\objenesis\3.2\objenesis-3.2.jar;C:\Users\kakek\.m2\repository\org\testng\testng\7.1.0\testng-7.1.0.jar;C:\Users\kakek\.m2\repository\com\beust\jcommander\1.72\jcommander-1.72.jar;C:\Users\kakek\.m2\repository\com\google\inject\guice\4.1.0\guice-4.1.0-no_aop.jar;C:\Users\kakek\.m2\repository\javax\inject\javax.inject\1\javax.inject-1.jar;C:\Users\kakek\.m2\repository\aopalliance\aopalliance\1.0\aopalliance-1.0.jar;C:\Users\kakek\.m2\repository\com\google\guava\guava\19.0\guava-19.0.jar;C:\Users\kakek\.m2\repository\org\yaml\snakeyaml\1.21\snakeyaml-1.21.jar;"/>
    <property name="sun.cpu.endian" value="little"/>
    <property name="user.home" value="C:\Users\kakek"/>
    <property name="user.language" value="en"/>
    <property name="java.specification.vendor" value="Oracle Corporation"/>
    <property name="java.version.date" value="2024-07-16"/>
    <property name="java.home" value="C:\tools\jdk\jdk-21.0.4.7-hotspot"/>
    <property name="file.separator" value="\"/>
    <property name="basedir" value="C:\Users\kakek\IdeaProjects\OhtuProjekti2"/>
    <property name="java.vm.compressedOopsMode" value="Zero based"/>
    <property name="line.separator" value="&#10;"/>
    <property name="java.vm.specification.vendor" value="Oracle Corporation"/>
    <property name="java.specification.name" value="Java Platform API Specification"/>
    <property name="surefire.real.class.path" value="C:\Users\kakek\AppData\Local\Temp\surefire12815083699068518817\surefirebooter5023497021699146316.jar"/>
    <property name="user.script" value=""/>
    <property name="sun.management.compiler" value="HotSpot 64-Bit Tiered Compilers"/>
    <property name="java.runtime.version" value="21.0.4+7-LTS"/>
    <property name="user.name" value="kakek"/>
    <property name="stdout.encoding" value="Cp1252"/>
    <property name="path.separator" value=";"/>
    <property name="os.version" value="10.0"/>
    <property name="java.runtime.name" value="OpenJDK Runtime Environment"/>
    <property name="file.encoding" value="UTF-8"/>
    <property name="java.vm.name" value="OpenJDK 64-Bit Server VM"/>
    <property name="java.vendor.version" value="Temurin-21.0.4+7"/>
    <property name="localRepository" value="C:\Users\kakek\.m2\repository"/>
    <property name="java.vendor.url.bug" value="https://github.com/adoptium/adoptium-support/issues"/>
    <property name="java.io.tmpdir" value="C:\Users\kakek\AppData\Local\Temp\"/>
    <property name="idea.version" value="2023.3.8"/>
    <property name="java.version" value="21.0.4"/>
    <property name="user.dir" value="C:\Users\kakek\IdeaProjects\OhtuProjekti2"/>
    <property name="os.arch" value="amd64"/>
    <property name="java.vm.specification.name" value="Java Virtual Machine Specification"/>
    <property name="sun.os.patch.level" value=""/>
    <property name="native.encoding" value="Cp1252"/>
    <property name="java.library.path" value="C:\tools\jdk\jdk-21.0.4.7-hotspot\bin;C:\WINDOWS\Sun\Java\bin;C:\WINDOWS\system32;C:\WINDOWS;C:\Program Files\Common Files\Oracle\Java\javapath;C:\tools\jdk\jdk-21.0.4.7-hotspotbin;C:\Program Files (x86)\Common Files\Oracle\Java\javapath;C:\WINDOWS\system32;C:\WINDOWS;C:\WINDOWS\System32\Wbem;C:\WINDOWS\System32\WindowsPowerShell\v1.0\;C:\WINDOWS\System32\OpenSSH\;C:\Program Files\Git\cmd;C:\Program Files\PuTTY\;C:\Program Files (x86)\Microsoft SQL Server\160\DTS\Binn\;C:\Program Files\Azure Data Studio\bin;C:\Users\kakek\AppData\Roaming\nvm;C:\Program Files\nodejs;C:\Program Files\Docker\Docker\resources\bin;C:\Program Files\Kubernetes\Minikube;C:\tools\apache-maven-3.9.9\bin;C:\Users\kakek\AppData\Local\Programs\Python\Python312\Scripts\;C:\Users\kakek\AppData\Local\Programs\Python\Python312\;C:\Users\kakek\AppData\Local\Programs\Python\Launcher\;C:\Users\kakek\AppData\Local\Microsoft\WindowsApps;C:\Users\kakek\AppData\Local\Programs\Microsoft VS Code\bin;C:\Program Files\Azure Data Studio\bin;C:\Users\kakek\AppData\Roaming\npm;C:\Users\kakek\AppData\Roaming\nvm;C:\Program Files\nodejs;."/>
    <property name="java.vm.info" value="mixed mode, sharing"/>
    <property name="stderr.encoding" value="Cp1252"/>
    <property name="java.vendor" value="Eclipse Adoptium"/>
    <property name="java.vm.version" value="21.0.4+7-LTS"/>
    <property name="sun.io.unicode.encoding" value="UnicodeLittle"/>
    <property name="java.class.version" value="65.0"/>
  </properties>
  <testcase name="testFindHuoneetByHoteliId" classname="controller.HuoneControllerTest" time="5.125">
    <system-out><![CDATA[Hibernate: select h1_0.huone_id,h1_0.hotelli_id,h1_0.huone_hinta,h1_0.huone_nro,h1_0.huone_tila,h1_0.huone_tyyppi from huone h1_0 where h1_0.huone_id=?
Hibernate: select h1_0.huone_id,h1_0.hotelli_id,h1_0.huone_hinta,h1_0.huone_nro,h1_0.huone_tila,h1_0.huone_tyyppi from huone h1_0 where h1_0.huone_id=?
]]></system-out>
  </testcase>
  <testcase name="findHuoneByTila" classname="controller.HuoneControllerTest" time="0.694">
    <failure type="org.opentest4j.AssertionFailedError"><![CDATA[org.opentest4j.AssertionFailedError: expected: <varattu> but was: <Varattu>
	at controller.HuoneControllerTest.findHuoneByTila(HuoneControllerTest.java:31)
]]></failure>
    <system-out><![CDATA[Hibernate: select h1_0.huone_id,h1_0.hotelli_id,h1_0.huone_hinta,h1_0.huone_nro,h1_0.huone_tila,h1_0.huone_tyyppi from huone h1_0 where h1_0.huone_tila=?
]]></system-out>
  </testcase>
  <testcase name="testFindHuoneById" classname="controller.HuoneControllerTest" time="0.008">
    <system-out><![CDATA[Hibernate: select h1_0.huone_id,h1_0.hotelli_id,h1_0.huone_hinta,h1_0.huone_nro,h1_0.huone_tila,h1_0.huone_tyyppi from huone h1_0 where h1_0.huone_id=?
Hibernate: select h1_0.huone_id,h1_0.hotelli_id,h1_0.huone_hinta,h1_0.huone_nro,h1_0.huone_tila,h1_0.huone_tyyppi from huone h1_0 where h1_0.huone_id=?
]]></system-out>
  </testcase>
  <testcase name="testFindHuoneByTyyppi" classname="controller.HuoneControllerTest" time="0.006">
    <error type="java.lang.NullPointerException"><![CDATA[java.lang.NullPointerException: Cannot invoke "java.util.List.iterator()" because "huoneet" is null
	at controller.HuoneControllerTest.testFindHuoneByTyyppi(HuoneControllerTest.java:39)
]]></error>
    <system-out><![CDATA[Hibernate: select h1_0.huone_id,h1_0.hotelli_id,h1_0.huone_hinta,h1_0.huone_nro,h1_0.huone_tila,h1_0.huone_tyyppi from huone h1_0 where h1_0.huone_tyyppi=?
]]></system-out>
  </testcase>
</testsuite>