<?xml version="1.0" encoding="UTF-8"?>
<testsuite xmlns:xsi="http://www.w3.org/2001/XMLSchema-instance" xsi:noNamespaceSchemaLocation="https://maven.apache.org/surefire/maven-surefire-plugin/xsd/surefire-test-report-3.0.xsd" version="3.0" name="model.DAO.KayttajaDAOTest" time="0.103" tests="1" errors="0" skipped="0" failures="0">
  <properties>
    <property name="java.specification.version" value="21"/>
    <property name="sun.jnu.encoding" value="UTF-8"/>
    <property name="java.class.path" value="/Users/anna/IdeaProjects/OhtuProjekti/target/test-classes:/Users/anna/IdeaProjects/OhtuProjekti/target/classes:/Users/anna/.m2/repository/org/openjfx/javafx-controls/21.0.4/javafx-controls-21.0.4.jar:/Users/anna/.m2/repository/org/openjfx/javafx-controls/21.0.4/javafx-controls-21.0.4-mac-aarch64.jar:/Users/anna/.m2/repository/org/openjfx/javafx-fxml/21.0.4/javafx-fxml-21.0.4.jar:/Users/anna/.m2/repository/org/openjfx/javafx-fxml/21.0.4/javafx-fxml-21.0.4-mac-aarch64.jar:/Users/anna/.m2/repository/org/openjfx/javafx-graphics/21.0.4/javafx-graphics-21.0.4.jar:/Users/anna/.m2/repository/org/openjfx/javafx-graphics/21.0.4/javafx-graphics-21.0.4-mac-aarch64.jar:/Users/anna/.m2/repository/org/openjfx/javafx-swing/21.0.4/javafx-swing-21.0.4.jar:/Users/anna/.m2/repository/org/openjfx/javafx-swing/21.0.4/javafx-swing-21.0.4-mac-aarch64.jar:/Users/anna/.m2/repository/org/openjfx/javafx-base/21.0.4/javafx-base-21.0.4.jar:/Users/anna/.m2/repository/org/openjfx/javafx-base/21.0.4/javafx-base-21.0.4-mac-aarch64.jar:/Users/anna/.m2/repository/org/mindrot/jbcrypt/0.4/jbcrypt-0.4.jar:/Users/anna/.m2/repository/org/mariadb/jdbc/mariadb-java-client/3.1.2/mariadb-java-client-3.1.2.jar:/Users/anna/.m2/repository/com/github/waffle/waffle-jna/3.2.0/waffle-jna-3.2.0.jar:/Users/anna/.m2/repository/net/java/dev/jna/jna/5.12.1/jna-5.12.1.jar:/Users/anna/.m2/repository/net/java/dev/jna/jna-platform/5.12.1/jna-platform-5.12.1.jar:/Users/anna/.m2/repository/org/slf4j/jcl-over-slf4j/1.7.36/jcl-over-slf4j-1.7.36.jar:/Users/anna/.m2/repository/com/github/ben-manes/caffeine/caffeine/2.9.3/caffeine-2.9.3.jar:/Users/anna/.m2/repository/com/google/errorprone/error_prone_annotations/2.10.0/error_prone_annotations-2.10.0.jar:/Users/anna/.m2/repository/org/checkerframework/checker-qual/3.23.0/checker-qual-3.23.0.jar:/Users/anna/.m2/repository/jakarta/persistence/jakarta.persistence-api/3.0.0/jakarta.persistence-api-3.0.0.jar:/Users/anna/.m2/repository/org/hibernate/orm/hibernate-core/6.0.0.Final/hibernate-core-6.0.0.Final.jar:/Users/anna/.m2/repository/jakarta/transaction/jakarta.transaction-api/2.0.0/jakarta.transaction-api-2.0.0.jar:/Users/anna/.m2/repository/org/jboss/logging/jboss-logging/3.4.3.Final/jboss-logging-3.4.3.Final.jar:/Users/anna/.m2/repository/org/jboss/jandex/2.4.2.Final/jandex-2.4.2.Final.jar:/Users/anna/.m2/repository/com/fasterxml/classmate/1.5.1/classmate-1.5.1.jar:/Users/anna/.m2/repository/org/hibernate/common/hibernate-commons-annotations/6.0.0.CR1/hibernate-commons-annotations-6.0.0.CR1.jar:/Users/anna/.m2/repository/net/bytebuddy/byte-buddy/1.12.8/byte-buddy-1.12.8.jar:/Users/anna/.m2/repository/jakarta/activation/jakarta.activation-api/2.0.1/jakarta.activation-api-2.0.1.jar:/Users/anna/.m2/repository/jakarta/xml/bind/jakarta.xml.bind-api/3.0.1/jakarta.xml.bind-api-3.0.1.jar:/Users/anna/.m2/repository/com/sun/activation/jakarta.activation/2.0.1/jakarta.activation-2.0.1.jar:/Users/anna/.m2/repository/org/glassfish/jaxb/jaxb-runtime/3.0.2/jaxb-runtime-3.0.2.jar:/Users/anna/.m2/repository/org/glassfish/jaxb/jaxb-core/3.0.2/jaxb-core-3.0.2.jar:/Users/anna/.m2/repository/org/glassfish/jaxb/txw2/3.0.2/txw2-3.0.2.jar:/Users/anna/.m2/repository/com/sun/istack/istack-commons-runtime/4.0.1/istack-commons-runtime-4.0.1.jar:/Users/anna/.m2/repository/jakarta/inject/jakarta.inject-api/2.0.0/jakarta.inject-api-2.0.0.jar:/Users/anna/.m2/repository/org/antlr/antlr4-runtime/4.9.1/antlr4-runtime-4.9.1.jar:/Users/anna/.m2/repository/ch/qos/logback/logback-classic/1.4.6/logback-classic-1.4.6.jar:/Users/anna/.m2/repository/ch/qos/logback/logback-core/1.4.6/logback-core-1.4.6.jar:/Users/anna/.m2/repository/org/slf4j/slf4j-api/2.0.4/slf4j-api-2.0.4.jar:/Users/anna/.m2/repository/org/json/json/20230618/json-20230618.jar:/Users/anna/.m2/repository/org/testfx/testfx-core/4.0.16-alpha/testfx-core-4.0.16-alpha.jar:/Users/anna/.m2/repository/org/hamcrest/hamcrest-core/1.3/hamcrest-core-1.3.jar:/Users/anna/.m2/repository/org/assertj/assertj-core/3.13.2/assertj-core-3.13.2.jar:/Users/anna/.m2/repository/org/testfx/testfx-junit5/4.0.16-alpha/testfx-junit5-4.0.16-alpha.jar:/Users/anna/.m2/repository/junit/junit/4.13.2/junit-4.13.2.jar:/Users/anna/.m2/repository/org/junit/jupiter/junit-jupiter/5.8.1/junit-jupiter-5.8.1.jar:/Users/anna/.m2/repository/org/junit/jupiter/junit-jupiter-api/5.8.1/junit-jupiter-api-5.8.1.jar:/Users/anna/.m2/repository/org/opentest4j/opentest4j/1.2.0/opentest4j-1.2.0.jar:/Users/anna/.m2/repository/org/junit/platform/junit-platform-commons/1.8.1/junit-platform-commons-1.8.1.jar:/Users/anna/.m2/repository/org/apiguardian/apiguardian-api/1.1.2/apiguardian-api-1.1.2.jar:/Users/anna/.m2/repository/org/junit/jupiter/junit-jupiter-params/5.8.1/junit-jupiter-params-5.8.1.jar:/Users/anna/.m2/repository/org/junit/jupiter/junit-jupiter-engine/5.8.1/junit-jupiter-engine-5.8.1.jar:/Users/anna/.m2/repository/org/junit/platform/junit-platform-engine/1.8.1/junit-platform-engine-1.8.1.jar:/Users/anna/.m2/repository/org/mockito/mockito-core/4.0.0/mockito-core-4.0.0.jar:/Users/anna/.m2/repository/net/bytebuddy/byte-buddy-agent/1.11.19/byte-buddy-agent-1.11.19.jar:/Users/anna/.m2/repository/org/objenesis/objenesis/3.2/objenesis-3.2.jar:/Users/anna/.m2/repository/org/testng/testng/7.1.0/testng-7.1.0.jar:/Users/anna/.m2/repository/com/beust/jcommander/1.72/jcommander-1.72.jar:/Users/anna/.m2/repository/com/google/inject/guice/4.1.0/guice-4.1.0-no_aop.jar:/Users/anna/.m2/repository/javax/inject/javax.inject/1/javax.inject-1.jar:/Users/anna/.m2/repository/aopalliance/aopalliance/1.0/aopalliance-1.0.jar:/Users/anna/.m2/repository/com/google/guava/guava/19.0/guava-19.0.jar:/Users/anna/.m2/repository/org/yaml/snakeyaml/1.21/snakeyaml-1.21.jar:"/>
    <property name="java.vm.vendor" value="Oracle Corporation"/>
    <property name="sun.arch.data.model" value="64"/>
    <property name="java.vendor.url" value="https://java.oracle.com/"/>
    <property name="user.timezone" value="Europe/Helsinki"/>
    <property name="os.name" value="Mac OS X"/>
    <property name="java.vm.specification.version" value="21"/>
    <property name="sun.java.launcher" value="SUN_STANDARD"/>
    <property name="user.country" value="FI"/>
    <property name="sun.boot.library.path" value="/Users/anna/Library/Java/JavaVirtualMachines/openjdk-21.0.2/Contents/Home/lib"/>
    <property name="sun.java.command" value="/Users/anna/IdeaProjects/OhtuProjekti/target/surefire/surefirebooter17546444939337601608.jar /Users/anna/IdeaProjects/OhtuProjekti/target/surefire 2024-11-15T14-41-05_401-jvmRun1 surefire6767322498157183077tmp surefire_016021581456540517814tmp"/>
    <property name="jdk.debug" value="release"/>
    <property name="surefire.test.class.path" value="/Users/anna/IdeaProjects/OhtuProjekti/target/test-classes:/Users/anna/IdeaProjects/OhtuProjekti/target/classes:/Users/anna/.m2/repository/org/openjfx/javafx-controls/21.0.4/javafx-controls-21.0.4.jar:/Users/anna/.m2/repository/org/openjfx/javafx-controls/21.0.4/javafx-controls-21.0.4-mac-aarch64.jar:/Users/anna/.m2/repository/org/openjfx/javafx-fxml/21.0.4/javafx-fxml-21.0.4.jar:/Users/anna/.m2/repository/org/openjfx/javafx-fxml/21.0.4/javafx-fxml-21.0.4-mac-aarch64.jar:/Users/anna/.m2/repository/org/openjfx/javafx-graphics/21.0.4/javafx-graphics-21.0.4.jar:/Users/anna/.m2/repository/org/openjfx/javafx-graphics/21.0.4/javafx-graphics-21.0.4-mac-aarch64.jar:/Users/anna/.m2/repository/org/openjfx/javafx-swing/21.0.4/javafx-swing-21.0.4.jar:/Users/anna/.m2/repository/org/openjfx/javafx-swing/21.0.4/javafx-swing-21.0.4-mac-aarch64.jar:/Users/anna/.m2/repository/org/openjfx/javafx-base/21.0.4/javafx-base-21.0.4.jar:/Users/anna/.m2/repository/org/openjfx/javafx-base/21.0.4/javafx-base-21.0.4-mac-aarch64.jar:/Users/anna/.m2/repository/org/mindrot/jbcrypt/0.4/jbcrypt-0.4.jar:/Users/anna/.m2/repository/org/mariadb/jdbc/mariadb-java-client/3.1.2/mariadb-java-client-3.1.2.jar:/Users/anna/.m2/repository/com/github/waffle/waffle-jna/3.2.0/waffle-jna-3.2.0.jar:/Users/anna/.m2/repository/net/java/dev/jna/jna/5.12.1/jna-5.12.1.jar:/Users/anna/.m2/repository/net/java/dev/jna/jna-platform/5.12.1/jna-platform-5.12.1.jar:/Users/anna/.m2/repository/org/slf4j/jcl-over-slf4j/1.7.36/jcl-over-slf4j-1.7.36.jar:/Users/anna/.m2/repository/com/github/ben-manes/caffeine/caffeine/2.9.3/caffeine-2.9.3.jar:/Users/anna/.m2/repository/com/google/errorprone/error_prone_annotations/2.10.0/error_prone_annotations-2.10.0.jar:/Users/anna/.m2/repository/org/checkerframework/checker-qual/3.23.0/checker-qual-3.23.0.jar:/Users/anna/.m2/repository/jakarta/persistence/jakarta.persistence-api/3.0.0/jakarta.persistence-api-3.0.0.jar:/Users/anna/.m2/repository/org/hibernate/orm/hibernate-core/6.0.0.Final/hibernate-core-6.0.0.Final.jar:/Users/anna/.m2/repository/jakarta/transaction/jakarta.transaction-api/2.0.0/jakarta.transaction-api-2.0.0.jar:/Users/anna/.m2/repository/org/jboss/logging/jboss-logging/3.4.3.Final/jboss-logging-3.4.3.Final.jar:/Users/anna/.m2/repository/org/jboss/jandex/2.4.2.Final/jandex-2.4.2.Final.jar:/Users/anna/.m2/repository/com/fasterxml/classmate/1.5.1/classmate-1.5.1.jar:/Users/anna/.m2/repository/org/hibernate/common/hibernate-commons-annotations/6.0.0.CR1/hibernate-commons-annotations-6.0.0.CR1.jar:/Users/anna/.m2/repository/net/bytebuddy/byte-buddy/1.12.8/byte-buddy-1.12.8.jar:/Users/anna/.m2/repository/jakarta/activation/jakarta.activation-api/2.0.1/jakarta.activation-api-2.0.1.jar:/Users/anna/.m2/repository/jakarta/xml/bind/jakarta.xml.bind-api/3.0.1/jakarta.xml.bind-api-3.0.1.jar:/Users/anna/.m2/repository/com/sun/activation/jakarta.activation/2.0.1/jakarta.activation-2.0.1.jar:/Users/anna/.m2/repository/org/glassfish/jaxb/jaxb-runtime/3.0.2/jaxb-runtime-3.0.2.jar:/Users/anna/.m2/repository/org/glassfish/jaxb/jaxb-core/3.0.2/jaxb-core-3.0.2.jar:/Users/anna/.m2/repository/org/glassfish/jaxb/txw2/3.0.2/txw2-3.0.2.jar:/Users/anna/.m2/repository/com/sun/istack/istack-commons-runtime/4.0.1/istack-commons-runtime-4.0.1.jar:/Users/anna/.m2/repository/jakarta/inject/jakarta.inject-api/2.0.0/jakarta.inject-api-2.0.0.jar:/Users/anna/.m2/repository/org/antlr/antlr4-runtime/4.9.1/antlr4-runtime-4.9.1.jar:/Users/anna/.m2/repository/ch/qos/logback/logback-classic/1.4.6/logback-classic-1.4.6.jar:/Users/anna/.m2/repository/ch/qos/logback/logback-core/1.4.6/logback-core-1.4.6.jar:/Users/anna/.m2/repository/org/slf4j/slf4j-api/2.0.4/slf4j-api-2.0.4.jar:/Users/anna/.m2/repository/org/json/json/20230618/json-20230618.jar:/Users/anna/.m2/repository/org/testfx/testfx-core/4.0.16-alpha/testfx-core-4.0.16-alpha.jar:/Users/anna/.m2/repository/org/hamcrest/hamcrest-core/1.3/hamcrest-core-1.3.jar:/Users/anna/.m2/repository/org/assertj/assertj-core/3.13.2/assertj-core-3.13.2.jar:/Users/anna/.m2/repository/org/testfx/testfx-junit5/4.0.16-alpha/testfx-junit5-4.0.16-alpha.jar:/Users/anna/.m2/repository/junit/junit/4.13.2/junit-4.13.2.jar:/Users/anna/.m2/repository/org/junit/jupiter/junit-jupiter/5.8.1/junit-jupiter-5.8.1.jar:/Users/anna/.m2/repository/org/junit/jupiter/junit-jupiter-api/5.8.1/junit-jupiter-api-5.8.1.jar:/Users/anna/.m2/repository/org/opentest4j/opentest4j/1.2.0/opentest4j-1.2.0.jar:/Users/anna/.m2/repository/org/junit/platform/junit-platform-commons/1.8.1/junit-platform-commons-1.8.1.jar:/Users/anna/.m2/repository/org/apiguardian/apiguardian-api/1.1.2/apiguardian-api-1.1.2.jar:/Users/anna/.m2/repository/org/junit/jupiter/junit-jupiter-params/5.8.1/junit-jupiter-params-5.8.1.jar:/Users/anna/.m2/repository/org/junit/jupiter/junit-jupiter-engine/5.8.1/junit-jupiter-engine-5.8.1.jar:/Users/anna/.m2/repository/org/junit/platform/junit-platform-engine/1.8.1/junit-platform-engine-1.8.1.jar:/Users/anna/.m2/repository/org/mockito/mockito-core/4.0.0/mockito-core-4.0.0.jar:/Users/anna/.m2/repository/net/bytebuddy/byte-buddy-agent/1.11.19/byte-buddy-agent-1.11.19.jar:/Users/anna/.m2/repository/org/objenesis/objenesis/3.2/objenesis-3.2.jar:/Users/anna/.m2/repository/org/testng/testng/7.1.0/testng-7.1.0.jar:/Users/anna/.m2/repository/com/beust/jcommander/1.72/jcommander-1.72.jar:/Users/anna/.m2/repository/com/google/inject/guice/4.1.0/guice-4.1.0-no_aop.jar:/Users/anna/.m2/repository/javax/inject/javax.inject/1/javax.inject-1.jar:/Users/anna/.m2/repository/aopalliance/aopalliance/1.0/aopalliance-1.0.jar:/Users/anna/.m2/repository/com/google/guava/guava/19.0/guava-19.0.jar:/Users/anna/.m2/repository/org/yaml/snakeyaml/1.21/snakeyaml-1.21.jar:"/>
    <property name="sun.cpu.endian" value="little"/>
    <property name="user.home" value="/Users/anna"/>
    <property name="user.language" value="en"/>
    <property name="java.specification.vendor" value="Oracle Corporation"/>
    <property name="java.version.date" value="2024-01-16"/>
    <property name="java.home" value="/Users/anna/Library/Java/JavaVirtualMachines/openjdk-21.0.2/Contents/Home"/>
    <property name="file.separator" value="/"/>
    <property name="basedir" value="/Users/anna/IdeaProjects/OhtuProjekti"/>
    <property name="java.vm.compressedOopsMode" value="Zero based"/>
    <property name="line.separator" value="&#10;"/>
    <property name="java.vm.specification.vendor" value="Oracle Corporation"/>
    <property name="java.specification.name" value="Java Platform API Specification"/>
    <property name="apple.awt.application.name" value="ForkedBooter"/>
    <property name="surefire.real.class.path" value="/Users/anna/IdeaProjects/OhtuProjekti/target/surefire/surefirebooter17546444939337601608.jar"/>
    <property name="sun.management.compiler" value="HotSpot 64-Bit Tiered Compilers"/>
    <property name="java.runtime.version" value="21.0.2+13-58"/>
    <property name="user.name" value="anna"/>
    <property name="stdout.encoding" value="UTF-8"/>
    <property name="path.separator" value=":"/>
    <property name="os.version" value="13.6.6"/>
    <property name="java.runtime.name" value="OpenJDK Runtime Environment"/>
    <property name="file.encoding" value="UTF-8"/>
    <property name="java.vm.name" value="OpenJDK 64-Bit Server VM"/>
    <property name="localRepository" value="/Users/anna/.m2/repository"/>
    <property name="java.vendor.url.bug" value="https://bugreport.java.com/bugreport/"/>
    <property name="java.io.tmpdir" value="/var/folders/tq/syhc_2_d5m10snwmh1msx7bc0000gn/T/"/>
    <property name="idea.version" value="2024.2.0.2"/>
    <property name="java.version" value="21.0.2"/>
    <property name="user.dir" value="/Users/anna/IdeaProjects/OhtuProjekti"/>
    <property name="os.arch" value="aarch64"/>
    <property name="java.vm.specification.name" value="Java Virtual Machine Specification"/>
    <property name="native.encoding" value="UTF-8"/>
    <property name="java.library.path" value="/Users/anna/Library/Java/Extensions:/Library/Java/Extensions:/Network/Library/Java/Extensions:/System/Library/Java/Extensions:/usr/lib/java:."/>
    <property name="java.vm.info" value="mixed mode, sharing"/>
    <property name="stderr.encoding" value="UTF-8"/>
    <property name="java.vendor" value="Oracle Corporation"/>
    <property name="java.vm.version" value="21.0.2+13-58"/>
    <property name="sun.io.unicode.encoding" value="UnicodeBig"/>
    <property name="java.class.version" value="65.0"/>
  </properties>
  <testcase name="testi" classname="model.DAO.KayttajaDAOTest" time="0.103">
    <system-out><![CDATA[Hibernate: insert into kayttaja (etunimi, puh, rooli, salasana, sposti, sukunimi) values (?, ?, ?, ?, ?, ?)
Hibernate: select k1_0.kayttaja_id,k1_0.etunimi,k1_0.puh,k1_0.rooli,k1_0.salasana,k1_0.sposti,k1_0.sukunimi from kayttaja k1_0 where k1_0.kayttaja_id=?
Hibernate: select k1_0.salasana from kayttaja k1_0 where k1_0.sposti=?
Hibernate: select k1_0.kayttaja_id,k1_0.etunimi,k1_0.puh,k1_0.rooli,k1_0.salasana,k1_0.sposti,k1_0.sukunimi from kayttaja k1_0 where k1_0.kayttaja_id=?
Käyttäjän tiedot päivitetty onnistuneesti!
Hibernate: update kayttaja set etunimi=?, puh=?, rooli=?, salasana=?, sposti=?, sukunimi=? where kayttaja_id=?
Hibernate: select k1_0.kayttaja_id,k1_0.etunimi,k1_0.puh,k1_0.rooli,k1_0.salasana,k1_0.sposti,k1_0.sukunimi from kayttaja k1_0 where k1_0.kayttaja_id=?
Hibernate: select k1_0.kayttaja_id,k1_0.etunimi,k1_0.puh,k1_0.rooli,k1_0.salasana,k1_0.sposti,k1_0.sukunimi from kayttaja k1_0 where k1_0.sposti=?
Salasana vaihdettu onnistuneesti käyttäjälle: user.test@example.com
Hibernate: update kayttaja set etunimi=?, puh=?, rooli=?, salasana=?, sposti=?, sukunimi=? where kayttaja_id=?
Hibernate: select k1_0.salasana from kayttaja k1_0 where k1_0.sposti=?
Hibernate: select k1_0.kayttaja_id,k1_0.etunimi,k1_0.puh,k1_0.rooli,k1_0.salasana,k1_0.sposti,k1_0.sukunimi from kayttaja k1_0
Hibernate: select k1_0.kayttaja_id,k1_0.etunimi,k1_0.puh,k1_0.rooli,k1_0.salasana,k1_0.sposti,k1_0.sukunimi from kayttaja k1_0 where k1_0.kayttaja_id=?
Käyttäjän tiedot päivitetty onnistuneesti!
Hibernate: update kayttaja set etunimi=?, puh=?, rooli=?, salasana=?, sposti=?, sukunimi=? where kayttaja_id=?
Hibernate: select k1_0.kayttaja_id,k1_0.etunimi,k1_0.puh,k1_0.rooli,k1_0.salasana,k1_0.sposti,k1_0.sukunimi from kayttaja k1_0 where k1_0.kayttaja_id=?
Hibernate: select count(k1_0.kayttaja_id) from kayttaja k1_0 where k1_0.sposti=?
Hibernate: select count(k1_0.kayttaja_id) from kayttaja k1_0 where k1_0.sposti=?
Hibernate: select k1_0.rooli from kayttaja k1_0 where k1_0.sposti=?
Hibernate: select k1_0.kayttaja_id,k1_0.etunimi,k1_0.puh,k1_0.rooli,k1_0.salasana,k1_0.sposti,k1_0.sukunimi from kayttaja k1_0 where k1_0.kayttaja_id=?
Kayttaja poistettu onnistuneesti!
Hibernate: delete from kayttaja where kayttaja_id=?
Hibernate: select k1_0.kayttaja_id,k1_0.etunimi,k1_0.puh,k1_0.rooli,k1_0.salasana,k1_0.sposti,k1_0.sukunimi from kayttaja k1_0 where k1_0.kayttaja_id=?
]]></system-out>
  </testcase>
</testsuite>